0 info it worked if it ends with ok
1 verbose cli [ '/usr/local/bin/node',
1 verbose cli   '/usr/local/bin/npm',
1 verbose cli   'install',
1 verbose cli   'walkaway.js' ]
2 info using npm@2.14.7
3 info using node@v4.2.1
4 verbose install initial load of /Users/Sevifer/Web/darwinex/prueba tecnica/frontend-test/package.json
5 warn package.json fastshell@1.0.5 No description
6 warn package.json fastshell@1.0.5 No README data
7 verbose installManyTop reading scoped package data from /Users/Sevifer/Web/darwinex/prueba tecnica/frontend-test/node_modules/browser-sync/package.json
8 verbose installManyTop reading scoped package data from /Users/Sevifer/Web/darwinex/prueba tecnica/frontend-test/node_modules/gulp/package.json
9 verbose installManyTop reading scoped package data from /Users/Sevifer/Web/darwinex/prueba tecnica/frontend-test/node_modules/gulp-autoprefixer/package.json
10 verbose installManyTop reading scoped package data from /Users/Sevifer/Web/darwinex/prueba tecnica/frontend-test/node_modules/gulp-concat/package.json
11 verbose installManyTop reading scoped package data from /Users/Sevifer/Web/darwinex/prueba tecnica/frontend-test/node_modules/gulp-cssnano/package.json
12 verbose installManyTop reading scoped package data from /Users/Sevifer/Web/darwinex/prueba tecnica/frontend-test/node_modules/gulp-header/package.json
13 verbose installManyTop reading scoped package data from /Users/Sevifer/Web/darwinex/prueba tecnica/frontend-test/node_modules/gulp-image-optimization/package.json
14 verbose installManyTop reading scoped package data from /Users/Sevifer/Web/darwinex/prueba tecnica/frontend-test/node_modules/gulp-imagemin/package.json
15 verbose installManyTop reading scoped package data from /Users/Sevifer/Web/darwinex/prueba tecnica/frontend-test/node_modules/gulp-jshint/package.json
16 verbose installManyTop reading scoped package data from /Users/Sevifer/Web/darwinex/prueba tecnica/frontend-test/node_modules/gulp-rename/package.json
17 verbose installManyTop reading scoped package data from /Users/Sevifer/Web/darwinex/prueba tecnica/frontend-test/node_modules/gulp-sass/package.json
18 verbose installManyTop reading scoped package data from /Users/Sevifer/Web/darwinex/prueba tecnica/frontend-test/node_modules/gulp-sourcemaps/package.json
19 verbose installManyTop reading scoped package data from /Users/Sevifer/Web/darwinex/prueba tecnica/frontend-test/node_modules/gulp-uglify/package.json
20 verbose installManyTop reading scoped package data from /Users/Sevifer/Web/darwinex/prueba tecnica/frontend-test/node_modules/jshint/package.json
21 info package.json gulp-rename@1.2.2 No license field.
22 verbose readDependencies loading dependencies from /Users/Sevifer/Web/darwinex/prueba tecnica/frontend-test/package.json
23 silly cache add args [ 'walkaway.js', null ]
24 verbose cache add spec walkaway.js
25 silly cache add parsed spec Result {
25 silly cache add   raw: 'walkaway.js',
25 silly cache add   scope: null,
25 silly cache add   name: 'walkaway.js',
25 silly cache add   rawSpec: '',
25 silly cache add   spec: '*',
25 silly cache add   type: 'range' }
26 silly addNamed walkaway.js@*
27 verbose addNamed "*" is a valid semver range for walkaway.js
28 silly addNameRange { name: 'walkaway.js', range: '*', hasData: false }
29 silly mapToRegistry name walkaway.js
30 silly mapToRegistry using default registry
31 silly mapToRegistry registry https://registry.npmjs.org/
32 silly mapToRegistry uri https://registry.npmjs.org/walkaway.js
33 verbose addNameRange registry:https://registry.npmjs.org/walkaway.js not in flight; fetching
34 verbose request uri https://registry.npmjs.org/walkaway.js
35 verbose request no auth needed
36 info attempt registry request try #1 at 19:32:49
37 verbose request id bbc518029380f5f9
38 http request GET https://registry.npmjs.org/walkaway.js
39 http 404 https://registry.npmjs.org/walkaway.js
40 verbose headers { 'content-type': 'application/json',
40 verbose headers   'cache-control': 'max-age=0',
40 verbose headers   'content-length': '2',
40 verbose headers   'accept-ranges': 'bytes',
40 verbose headers   date: 'Sat, 01 Apr 2017 17:32:50 GMT',
40 verbose headers   via: '1.1 varnish',
40 verbose headers   age: '0',
40 verbose headers   connection: 'keep-alive',
40 verbose headers   'x-served-by': 'cache-mad9423-MAD',
40 verbose headers   'x-cache': 'MISS',
40 verbose headers   'x-cache-hits': '0',
40 verbose headers   'x-timer': 'S1491067969.867809,VS0,VE490',
40 verbose headers   vary: 'Accept-Encoding' }
41 silly get cb [ 404,
41 silly get   { 'content-type': 'application/json',
41 silly get     'cache-control': 'max-age=0',
41 silly get     'content-length': '2',
41 silly get     'accept-ranges': 'bytes',
41 silly get     date: 'Sat, 01 Apr 2017 17:32:50 GMT',
41 silly get     via: '1.1 varnish',
41 silly get     age: '0',
41 silly get     connection: 'keep-alive',
41 silly get     'x-served-by': 'cache-mad9423-MAD',
41 silly get     'x-cache': 'MISS',
41 silly get     'x-cache-hits': '0',
41 silly get     'x-timer': 'S1491067969.867809,VS0,VE490',
41 silly get     vary: 'Accept-Encoding' } ]
42 verbose stack Error: Registry returned 404 for GET on https://registry.npmjs.org/walkaway.js
42 verbose stack     at makeError (/usr/local/lib/node_modules/npm/node_modules/npm-registry-client/lib/request.js:264:12)
42 verbose stack     at CachingRegistryClient.<anonymous> (/usr/local/lib/node_modules/npm/node_modules/npm-registry-client/lib/request.js:242:14)
42 verbose stack     at Request._callback (/usr/local/lib/node_modules/npm/node_modules/npm-registry-client/lib/request.js:172:14)
42 verbose stack     at Request.self.callback (/usr/local/lib/node_modules/npm/node_modules/request/request.js:198:22)
42 verbose stack     at emitTwo (events.js:87:13)
42 verbose stack     at Request.emit (events.js:172:7)
42 verbose stack     at Request.<anonymous> (/usr/local/lib/node_modules/npm/node_modules/request/request.js:1063:14)
42 verbose stack     at emitOne (events.js:82:20)
42 verbose stack     at Request.emit (events.js:169:7)
42 verbose stack     at IncomingMessage.<anonymous> (/usr/local/lib/node_modules/npm/node_modules/request/request.js:1009:12)
43 verbose statusCode 404
44 verbose pkgid walkaway.js
45 verbose cwd /Users/Sevifer/Web/darwinex/prueba tecnica/frontend-test
46 error Darwin 16.4.0
47 error argv "/usr/local/bin/node" "/usr/local/bin/npm" "install" "walkaway.js"
48 error node v4.2.1
49 error npm  v2.14.7
50 error code E404
51 error 404 Registry returned 404 for GET on https://registry.npmjs.org/walkaway.js
51 error 404
51 error 404 'walkaway.js' is not in the npm registry.
51 error 404 You should bug the author to publish it (or use the name yourself!)
51 error 404 It was specified as a dependency of 'fastshell'
51 error 404
51 error 404 Note that you can also install from a
51 error 404 tarball, folder, http url, or git url.
52 verbose exit [ 1, true ]
